This is pdfTeX, Version 3.14159265-2.6-1.40.16 (TeX Live 2015) (preloaded format=pdflatex 2015.5.24)  22 DEC 2015 11:56
entering extended mode
 restricted \write18 enabled.
 file:line:error style messages enabled.
 %&-line parsing enabled.
**elsarticle-template-num
(./elsarticle-template-num.tex
LaTeX2e <2015/01/01>
Babel <3.9l> and hyphenation patterns for 79 languages loaded.
(/usr/local/texlive/2015/texmf-dist/tex/latex/elsarticle/elsarticle.cls
Document Class: elsarticle 2009/09/17, 1.2.0: Elsevier Ltd
\@bls=\dimen102
(/usr/local/texlive/2015/texmf-dist/tex/latex/base/article.cls
Document Class: article 2014/09/29 v1.4h Standard LaTeX document class
(/usr/local/texlive/2015/texmf-dist/tex/latex/base/size12.clo
File: size12.clo 2014/09/29 v1.4h Standard LaTeX file (size option)
)
\c@part=\count79
\c@section=\count80
\c@subsection=\count81
\c@subsubsection=\count82
\c@paragraph=\count83
\c@subparagraph=\count84
\c@figure=\count85
\c@table=\count86
\abovecaptionskip=\skip41
\belowcaptionskip=\skip42
\bibindent=\dimen103
)
(/usr/local/texlive/2015/texmf-dist/tex/latex/graphics/graphicx.sty
Package: graphicx 2014/10/28 v1.0g Enhanced LaTeX Graphics (DPC,SPQR)

(/usr/local/texlive/2015/texmf-dist/tex/latex/graphics/keyval.sty
Package: keyval 2014/10/28 v1.15 key=value parser (DPC)
\KV@toks@=\toks14
)
(/usr/local/texlive/2015/texmf-dist/tex/latex/graphics/graphics.sty
Package: graphics 2014/10/28 v1.0p Standard LaTeX Graphics (DPC,SPQR)

(/usr/local/texlive/2015/texmf-dist/tex/latex/graphics/trig.sty
Package: trig 1999/03/16 v1.09 sin cos tan (DPC)
)
(/usr/local/texlive/2015/texmf-dist/tex/latex/latexconfig/graphics.cfg
File: graphics.cfg 2010/04/23 v1.9 graphics configuration of TeX Live
)
Package graphics Info: Driver file: pdftex.def on input line 94.

(/usr/local/texlive/2015/texmf-dist/tex/latex/pdftex-def/pdftex.def
File: pdftex.def 2011/05/27 v0.06d Graphics/color for pdfTeX

(/usr/local/texlive/2015/texmf-dist/tex/generic/oberdiek/infwarerr.sty
Package: infwarerr 2010/04/08 v1.3 Providing info/warning/error messages (HO)
)
(/usr/local/texlive/2015/texmf-dist/tex/generic/oberdiek/ltxcmds.sty
Package: ltxcmds 2011/11/09 v1.22 LaTeX kernel commands for general use (HO)
)
\Gread@gobject=\count87
))
\Gin@req@height=\dimen104
\Gin@req@width=\dimen105
)
(/usr/local/texlive/2015/texmf-dist/tex/latex/psnfss/pifont.sty
Package: pifont 2005/04/12 PSNFSS-v9.2a Pi font support (SPQR) 
LaTeX Font Info:    Try loading font information for U+pzd on input line 63.

(/usr/local/texlive/2015/texmf-dist/tex/latex/psnfss/upzd.fd
File: upzd.fd 2001/06/04 font definitions for U/pzd.
)
LaTeX Font Info:    Try loading font information for U+psy on input line 64.

(/usr/local/texlive/2015/texmf-dist/tex/latex/psnfss/upsy.fd
File: upsy.fd 2001/06/04 font definitions for U/psy.
))
\c@tnote=\count88
\c@fnote=\count89
\c@cnote=\count90
\c@ead=\count91
\c@author=\count92
\@eadauthor=\toks15
\c@affn=\count93
\absbox=\box26
\keybox=\box27
\Columnwidth=\dimen106
\space@left=\dimen107
\els@boxa=\box28
\els@boxb=\box29
\leftMargin=\dimen108
\@enLab=\toks16
\@sep=\skip43
\@@sep=\skip44

(./elsarticle-template-num.spl)
(/usr/local/texlive/2015/texmf-dist/tex/latex/natbib/natbib.sty
Package: natbib 2010/09/13 8.31b (PWD, AO)
\bibhang=\skip45
\bibsep=\skip46
LaTeX Info: Redefining \cite on input line 694.
\c@NAT@ctr=\count94
)
\splwrite=\write3
\openout3 = `elsarticle-template-num.spl'.

)
(/usr/local/texlive/2015/texmf-dist/tex/latex/amsfonts/amssymb.sty
Package: amssymb 2013/01/14 v3.01 AMS font symbols

(/usr/local/texlive/2015/texmf-dist/tex/latex/amsfonts/amsfonts.sty
Package: amsfonts 2013/01/14 v3.01 Basic AMSFonts support
\@emptytoks=\toks17
\symAMSa=\mathgroup4
\symAMSb=\mathgroup5
LaTeX Font Info:    Overwriting math alphabet `\mathfrak' in version `bold'
(Font)                  U/euf/m/n --> U/euf/b/n on input line 106.
))
(/usr/local/texlive/2015/texmf-dist/tex/latex/lineno/lineno.sty
Package: lineno 2005/11/02 line numbers on paragraphs v4.41
\linenopenalty=\count95
\output=\toks18
\linenoprevgraf=\count96
\linenumbersep=\dimen109
\linenumberwidth=\dimen110
\c@linenumber=\count97
\c@pagewiselinenumber=\count98
\c@LN@truepage=\count99
\c@internallinenumber=\count100
\c@internallinenumbers=\count101
\quotelinenumbersep=\dimen111
\bframerule=\dimen112
\bframesep=\dimen113
\bframebox=\box30
LaTeX Info: Redefining \\ on input line 3056.
)
(/usr/local/texlive/2015/texmf-dist/tex/latex/hyperref/hyperref.sty
Package: hyperref 2012/11/06 v6.83m Hypertext links for LaTeX

(/usr/local/texlive/2015/texmf-dist/tex/generic/oberdiek/hobsub-hyperref.sty
Package: hobsub-hyperref 2012/05/28 v1.13 Bundle oberdiek, subset hyperref (HO)


(/usr/local/texlive/2015/texmf-dist/tex/generic/oberdiek/hobsub-generic.sty
Package: hobsub-generic 2012/05/28 v1.13 Bundle oberdiek, subset generic (HO)
Package: hobsub 2012/05/28 v1.13 Construct package bundles (HO)
Package hobsub Info: Skipping package `infwarerr' (already loaded).
Package hobsub Info: Skipping package `ltxcmds' (already loaded).
Package: ifluatex 2010/03/01 v1.3 Provides the ifluatex switch (HO)
Package ifluatex Info: LuaTeX not detected.
Package: ifvtex 2010/03/01 v1.5 Detect VTeX and its facilities (HO)
Package ifvtex Info: VTeX not detected.
Package: intcalc 2007/09/27 v1.1 Expandable calculations with integers (HO)
Package: ifpdf 2011/01/30 v2.3 Provides the ifpdf switch (HO)
Package ifpdf Info: pdfTeX in PDF mode is detected.
Package: etexcmds 2011/02/16 v1.5 Avoid name clashes with e-TeX commands (HO)
Package etexcmds Info: Could not find \expanded.
(etexcmds)             That can mean that you are not using pdfTeX 1.50 or
(etexcmds)             that some package has redefined \expanded.
(etexcmds)             In the latter case, load this package earlier.
Package: kvsetkeys 2012/04/25 v1.16 Key value parser (HO)
Package: kvdefinekeys 2011/04/07 v1.3 Define keys (HO)
Package: pdftexcmds 2011/11/29 v0.20 Utility functions of pdfTeX for LuaTeX (HO
)
Package pdftexcmds Info: LuaTeX not detected.
Package pdftexcmds Info: \pdf@primitive is available.
Package pdftexcmds Info: \pdf@ifprimitive is available.
Package pdftexcmds Info: \pdfdraftmode found.
Package: pdfescape 2011/11/25 v1.13 Implements pdfTeX's escape features (HO)
Package: bigintcalc 2012/04/08 v1.3 Expandable calculations on big integers (HO
)
Package: bitset 2011/01/30 v1.1 Handle bit-vector datatype (HO)
Package: uniquecounter 2011/01/30 v1.2 Provide unlimited unique counter (HO)
)
Package hobsub Info: Skipping package `hobsub' (already loaded).
Package: letltxmacro 2010/09/02 v1.4 Let assignment for LaTeX macros (HO)
Package: hopatch 2012/05/28 v1.2 Wrapper for package hooks (HO)
Package: xcolor-patch 2011/01/30 xcolor patch
Package: atveryend 2011/06/30 v1.8 Hooks at the very end of document (HO)
Package atveryend Info: \enddocument detected (standard20110627).
Package: atbegshi 2011/10/05 v1.16 At begin shipout hook (HO)
Package: refcount 2011/10/16 v3.4 Data extraction from label references (HO)
Package: hycolor 2011/01/30 v1.7 Color options for hyperref/bookmark (HO)
)
(/usr/local/texlive/2015/texmf-dist/tex/generic/ifxetex/ifxetex.sty
Package: ifxetex 2010/09/12 v0.6 Provides ifxetex conditional
)
(/usr/local/texlive/2015/texmf-dist/tex/latex/oberdiek/auxhook.sty
Package: auxhook 2011/03/04 v1.3 Hooks for auxiliary files (HO)
)
(/usr/local/texlive/2015/texmf-dist/tex/latex/oberdiek/kvoptions.sty
Package: kvoptions 2011/06/30 v3.11 Key value format for package options (HO)
)
\@linkdim=\dimen114
\Hy@linkcounter=\count102
\Hy@pagecounter=\count103

(/usr/local/texlive/2015/texmf-dist/tex/latex/hyperref/pd1enc.def
File: pd1enc.def 2012/11/06 v6.83m Hyperref: PDFDocEncoding definition (HO)
)
\Hy@SavedSpaceFactor=\count104

(/usr/local/texlive/2015/texmf-dist/tex/latex/latexconfig/hyperref.cfg
File: hyperref.cfg 2002/06/06 v1.2 hyperref configuration of TeXLive
)
Package hyperref Info: Hyper figures OFF on input line 4443.
Package hyperref Info: Link nesting OFF on input line 4448.
Package hyperref Info: Hyper index ON on input line 4451.
Package hyperref Info: Plain pages OFF on input line 4458.
Package hyperref Info: Backreferencing OFF on input line 4463.
Package hyperref Info: Implicit mode ON; LaTeX internals redefined.
Package hyperref Info: Bookmarks ON on input line 4688.
\c@Hy@tempcnt=\count105

(/usr/local/texlive/2015/texmf-dist/tex/latex/url/url.sty
\Urlmuskip=\muskip10
Package: url 2013/09/16  ver 3.4  Verb mode for urls, etc.
)
LaTeX Info: Redefining \url on input line 5041.
\XeTeXLinkMargin=\dimen115
\Fld@menulength=\count106
\Field@Width=\dimen116
\Fld@charsize=\dimen117
Package hyperref Info: Hyper figures OFF on input line 6295.
Package hyperref Info: Link nesting OFF on input line 6300.
Package hyperref Info: Hyper index ON on input line 6303.
Package hyperref Info: backreferencing OFF on input line 6310.
Package hyperref Info: Link coloring OFF on input line 6315.
Package hyperref Info: Link coloring with OCG OFF on input line 6320.
Package hyperref Info: PDF/A mode OFF on input line 6325.
LaTeX Info: Redefining \ref on input line 6365.
LaTeX Info: Redefining \pageref on input line 6369.
\Hy@abspage=\count107
\c@Item=\count108
\c@Hfootnote=\count109
)

Package hyperref Message: Driver (autodetected): hpdftex.

(/usr/local/texlive/2015/texmf-dist/tex/latex/hyperref/hpdftex.def
File: hpdftex.def 2012/11/06 v6.83m Hyperref driver for pdfTeX
\Fld@listcount=\count110
\c@bookmark@seq@number=\count111

(/usr/local/texlive/2015/texmf-dist/tex/latex/oberdiek/rerunfilecheck.sty
Package: rerunfilecheck 2011/04/15 v1.7 Rerun checks for auxiliary files (HO)
Package uniquecounter Info: New unique counter `rerunfilecheck' on input line 2
82.
)
\Hy@SectionHShift=\skip47
)
(./elsarticle-template-num.aux)
\openout1 = `elsarticle-template-num.aux'.

LaTeX Font Info:    Checking defaults for OML/cmm/m/it on input line 55.
LaTeX Font Info:    ... okay on input line 55.
LaTeX Font Info:    Checking defaults for T1/cmr/m/n on input line 55.
LaTeX Font Info:    ... okay on input line 55.
LaTeX Font Info:    Checking defaults for OT1/cmr/m/n on input line 55.
LaTeX Font Info:    ... okay on input line 55.
LaTeX Font Info:    Checking defaults for OMS/cmsy/m/n on input line 55.
LaTeX Font Info:    ... okay on input line 55.
LaTeX Font Info:    Checking defaults for OMX/cmex/m/n on input line 55.
LaTeX Font Info:    ... okay on input line 55.
LaTeX Font Info:    Checking defaults for U/cmr/m/n on input line 55.
LaTeX Font Info:    ... okay on input line 55.
LaTeX Font Info:    Checking defaults for PD1/pdf/m/n on input line 55.
LaTeX Font Info:    ... okay on input line 55.

(/usr/local/texlive/2015/texmf-dist/tex/context/base/supp-pdf.mkii
[Loading MPS to PDF converter (version 2006.09.02).]
\scratchcounter=\count112
\scratchdimen=\dimen118
\scratchbox=\box31
\nofMPsegments=\count113
\nofMParguments=\count114
\everyMPshowfont=\toks19
\MPscratchCnt=\count115
\MPscratchDim=\dimen119
\MPnumerator=\count116
\makeMPintoPDFobject=\count117
\everyMPtoPDFconversion=\toks20
) (/usr/local/texlive/2015/texmf-dist/tex/latex/oberdiek/epstopdf-base.sty
Package: epstopdf-base 2010/02/09 v2.5 Base part for package epstopdf

(/usr/local/texlive/2015/texmf-dist/tex/latex/oberdiek/grfext.sty
Package: grfext 2010/08/19 v1.1 Manage graphics extensions (HO)
)
Package grfext Info: Graphics extension search list:
(grfext)             [.png,.pdf,.jpg,.mps,.jpeg,.jbig2,.jb2,.PNG,.PDF,.JPG,.JPE
G,.JBIG2,.JB2,.eps]
(grfext)             \AppendGraphicsExtensions on input line 452.

(/usr/local/texlive/2015/texmf-dist/tex/latex/latexconfig/epstopdf-sys.cfg
File: epstopdf-sys.cfg 2010/07/13 v1.3 Configuration of (r)epstopdf for TeX Liv
e
))
\AtBeginShipoutBox=\box32
Package hyperref Info: Link coloring OFF on input line 55.

(/usr/local/texlive/2015/texmf-dist/tex/latex/hyperref/nameref.sty
Package: nameref 2012/10/27 v2.43 Cross-referencing by name of section

(/usr/local/texlive/2015/texmf-dist/tex/generic/oberdiek/gettitlestring.sty
Package: gettitlestring 2010/12/03 v1.4 Cleanup title references (HO)
)
\c@section@level=\count118
)
LaTeX Info: Redefining \ref on input line 55.
LaTeX Info: Redefining \pageref on input line 55.
LaTeX Info: Redefining \nameref on input line 55.

(./elsarticle-template-num.out) (./elsarticle-template-num.out)
\@outlinefile=\write4
\openout4 = `elsarticle-template-num.out'.

LaTeX Font Info:    Try loading font information for U+msa on input line 104.

(/usr/local/texlive/2015/texmf-dist/tex/latex/amsfonts/umsa.fd
File: umsa.fd 2013/01/14 v3.01 AMS symbols A
)
LaTeX Font Info:    Try loading font information for U+msb on input line 104.

(/usr/local/texlive/2015/texmf-dist/tex/latex/amsfonts/umsb.fd
File: umsb.fd 2013/01/14 v3.01 AMS symbols B
)
Overfull \hbox (6.28896pt too wide) in paragraph at lines 138--150
[]\OT1/cmr/m/n/12 Future col-lid-ers, in-clud-ing the high lu-mi-nos-ity up-gra
de of the Large Hadron
 []

[1


{/usr/local/texlive/2015/texmf-var/fonts/map/pdftex/updmap/pdftex.map}]
[2] <plots/SiliconDiodeCV.png, id=70, 276.0714pt x 150.8034pt>
File: plots/SiliconDiodeCV.png Graphic file (type png)

<use plots/SiliconDiodeCV.png>
Package pdftex.def Info: plots/SiliconDiodeCV.png used on input line 206.
(pdftex.def)             Requested size: 312.00119pt x 170.43346pt.
 [3 <./plots/SiliconDiodeCV.png>]
<plots/SiliconDiodeDiagram.pdf, id=82, 505.89pt x 216.81pt>
File: plots/SiliconDiodeDiagram.pdf Graphic file (type pdf)

<use plots/SiliconDiodeDiagram.pdf>
Package pdftex.def Info: plots/SiliconDiodeDiagram.pdf used on input line 223.
(pdftex.def)             Requested size: 234.00238pt x 100.28629pt.

<plots/SiliconDiodeBox.jpg, id=83, 2816.5225pt x 1771.61874pt>
File: plots/SiliconDiodeBox.jpg Graphic file (type jpg)

<use plots/SiliconDiodeBox.jpg>
Package pdftex.def Info: plots/SiliconDiodeBox.jpg used on input line 224.
(pdftex.def)             Requested size: 152.09976pt x 95.66869pt.
 [4 <./plots/SiliconDiodeDiagram.pdf> <./plots/SiliconDiodeBox.jpg>]
<plots/BeamSchematicDiagram.pdf, id=296, 505.89pt x 505.89pt>
File: plots/BeamSchematicDiagram.pdf Graphic file (type pdf)

<use plots/BeamSchematicDiagram.pdf>
Package pdftex.def Info: plots/BeamSchematicDiagram.pdf used on input line 269.

(pdftex.def)             Requested size: 253.49762pt x 253.50015pt.

<plots/BeamPhotoDiagram.pdf, id=299, 505.89pt x 397.485pt>
File: plots/BeamPhotoDiagram.pdf Graphic file (type pdf)

<use plots/BeamPhotoDiagram.pdf>
Package pdftex.def Info: plots/BeamPhotoDiagram.pdf used on input line 276.
(pdftex.def)             Requested size: 253.49762pt x 199.1787pt.
 [5 <./plots/BeamSchematicDiagram.pdf>]
<plots/ExampleSiliconPadPulse_6X0_16GeV.pdf, id=372, 569.12625pt x 388.45125pt>
File: plots/ExampleSiliconPadPulse_6X0_16GeV.pdf Graphic file (type pdf)
<use plots/ExampleSiliconPadPulse_6X0_16GeV.pdf>
Package pdftex.def Info: plots/ExampleSiliconPadPulse_6X0_16GeV.pdf used on inp
ut line 309.
(pdftex.def)             Requested size: 175.49881pt x 119.78441pt.

<plots/ExamplePhotekPulse.pdf, id=373, 569.12625pt x 387.4475pt>
File: plots/ExamplePhotekPulse.pdf Graphic file (type pdf)

<use plots/ExamplePhotekPulse.pdf>
Package pdftex.def Info: plots/ExamplePhotekPulse.pdf used on input line 310.
(pdftex.def)             Requested size: 175.49881pt x 119.4749pt.
Missing character: There is no ¬ in font cmr12!
Missing character: There is no Ä in font cmr12!
Missing character: There is no ¬ in font cmr12!
Missing character: There is no ú in font cmr12!
Missing character: There is no ¬ in font cmr12!
Missing character: There is no Ä in font cmr12!
Missing character: There is no ¬ in font cmr12!
Missing character: There is no ù in font cmr12!
 [6 <./plots/BeamPhotoDiagram.pdf>]
Overfull \hbox (2.34593pt too wide) in paragraph at lines 329--336
[]\OT1/cmr/m/n/12 Electrons were iden-ti-fied us-ing a com-bi-na-tion of the ga
s Cherenkov counter
 []

<plots/NoiseNoBeam_charge.pdf, id=418, 569.12625pt x 548.0475pt>
File: plots/NoiseNoBeam_charge.pdf Graphic file (type pdf)

<use plots/NoiseNoBeam_charge.pdf>
Package pdftex.def Info: plots/NoiseNoBeam_charge.pdf used on input line 347.
(pdftex.def)             Requested size: 175.49881pt x 168.99817pt.
 [7 <./plots/ExampleSiliconPadPulse_6X0_16GeV.pdf, page is rotated 90 degrees> 
<./plots/ExamplePhotekPulse.pdf, page is rotated 90 degrees>] <plots/Proton_cha
rge.pdf, id=513, 569.12625pt x 548.0475pt>
File: plots/Proton_charge.pdf Graphic file (type pdf)

<use plots/Proton_charge.pdf>
Package pdftex.def Info: plots/Proton_charge.pdf used on input line 367.
(pdftex.def)             Requested size: 175.49881pt x 168.99817pt.

<plots/Electron_0X0_charge.pdf, id=514, 569.12625pt x 548.0475pt>
File: plots/Electron_0X0_charge.pdf Graphic file (type pdf)

<use plots/Electron_0X0_charge.pdf>
Package pdftex.def Info: plots/Electron_0X0_charge.pdf used on input line 368.
(pdftex.def)             Requested size: 175.49881pt x 168.99817pt.

<plots/Electron_6X0_32GeV_chargeMIP.pdf, id=517, 569.12625pt x 548.0475pt>
File: plots/Electron_6X0_32GeV_chargeMIP.pdf Graphic file (type pdf)

<use plots/Electron_6X0_32GeV_chargeMIP.pdf>
Package pdftex.def Info: plots/Electron_6X0_32GeV_chargeMIP.pdf used on input l
ine 393.
(pdftex.def)             Requested size: 191.10214pt x 184.02562pt.

<plots/deltaT_32GeV_6X0.pdf, id=518, 569.12625pt x 553.06625pt>
File: plots/deltaT_32GeV_6X0.pdf Graphic file (type pdf)

<use plots/deltaT_32GeV_6X0.pdf>
Package pdftex.def Info: plots/deltaT_32GeV_6X0.pdf used on input line 394.
(pdftex.def)             Requested size: 195.0pt x 189.5pt.

<plots/MIPVsEnergyAt6X0.pdf, id=519, 569.12625pt x 410.53375pt>
File: plots/MIPVsEnergyAt6X0.pdf Graphic file (type pdf)

<use plots/MIPVsEnergyAt6X0.pdf>
Package pdftex.def Info: plots/MIPVsEnergyAt6X0.pdf used on input line 404.
(pdftex.def)             Requested size: 191.10214pt x 137.8507pt.

<plots/SigmaT_vs_BeamEnergy_lin30Stamp.pdf, id=520, 569.12625pt x 410.53375pt>
File: plots/SigmaT_vs_BeamEnergy_lin30Stamp.pdf Graphic file (type pdf)

<use plots/SigmaT_vs_BeamEnergy_lin30Stamp.pdf>
Package pdftex.def Info: plots/SigmaT_vs_BeamEnergy_lin30Stamp.pdf used on inpu
t line 405.
(pdftex.def)             Requested size: 195.0pt x 140.66333pt.
 [8 <./plots/NoiseNoBeam_charge.pdf, page is rotated 90 degrees>] [9 <./plots/P
roton_charge.pdf, page is rotated 90 degrees> <./plots/Electron_0X0_charge.pdf,
 page is rotated 90 degrees> <./plots/Electron_6X0_32GeV_chargeMIP.pdf, page is
 rotated 90 degrees> <./plots/deltaT_32GeV_6X0.pdf, page is rotated 90 degrees>
]
<plots/DeltaT_vs_Charge_Uncorrected.pdf, id=752, 569.12625pt x 546.04pt>
File: plots/DeltaT_vs_Charge_Uncorrected.pdf Graphic file (type pdf)

<use plots/DeltaT_vs_Charge_Uncorrected.pdf>
Package pdftex.def Info: plots/DeltaT_vs_Charge_Uncorrected.pdf used on input l
ine 437.
(pdftex.def)             Requested size: 191.10214pt x 183.35153pt.

<plots/DeltaT_vs_Charge_Corrected.pdf, id=753, 569.12625pt x 546.04pt>
File: plots/DeltaT_vs_Charge_Corrected.pdf Graphic file (type pdf)

<use plots/DeltaT_vs_Charge_Corrected.pdf>
Package pdftex.def Info: plots/DeltaT_vs_Charge_Corrected.pdf used on input lin
e 438.
(pdftex.def)             Requested size: 195.0pt x 187.09256pt.
 [10 <./plots/MIPVsEnergyAt6X0.pdf, page is rotated 90 degrees> <./plots/SigmaT
_vs_BeamEnergy_lin30Stamp.pdf, page is rotated 90 degrees>]
<plots/MIPVsAbsorberAt8GeV.pdf, id=851, 569.12625pt x 410.53375pt>
File: plots/MIPVsAbsorberAt8GeV.pdf Graphic file (type pdf)

<use plots/MIPVsAbsorberAt8GeV.pdf>
Package pdftex.def Info: plots/MIPVsAbsorberAt8GeV.pdf used on input line 463.
(pdftex.def)             Requested size: 191.10214pt x 137.8507pt.

<plots/SigmaT_vs_X0_lin30Stamp.pdf, id=852, 569.12625pt x 410.53375pt>
File: plots/SigmaT_vs_X0_lin30Stamp.pdf Graphic file (type pdf)

<use plots/SigmaT_vs_X0_lin30Stamp.pdf>
Package pdftex.def Info: plots/SigmaT_vs_X0_lin30Stamp.pdf used on input line 4
64.
(pdftex.def)             Requested size: 195.0pt x 140.66333pt.

<plots/SigmaT_vs_DV_lin30Stamp.pdf, id=854, 569.12625pt x 410.53375pt>
File: plots/SigmaT_vs_DV_lin30Stamp.pdf Graphic file (type pdf)

<use plots/SigmaT_vs_DV_lin30Stamp.pdf>
Package pdftex.def Info: plots/SigmaT_vs_DV_lin30Stamp.pdf used on input line 4
84.
(pdftex.def)             Requested size: 312.00119pt x 225.06761pt.
 [11 <./plots/DeltaT_vs_Charge_Uncorrected.pdf, page is rotated 90 degrees> <./
plots/DeltaT_vs_Charge_Corrected.pdf, page is rotated 90 degrees>] [12 <./plots
/MIPVsAbsorberAt8GeV.pdf, page is rotated 90 degrees> <./plots/SigmaT_vs_X0_lin
30Stamp.pdf, page is rotated 90 degrees> <./plots/SigmaT_vs_DV_lin30Stamp.pdf, 
page is rotated 90 degrees>]
(./elsarticle-template-num.bbl
Underfull \hbox (badness 1558) in paragraph at lines 4--7
[]\OT1/cmr/m/n/12 D. An-der-son, A. Apresyan, A. Born-heim, J. Duarte, C. Pena,

 []

[13]
Underfull \hbox (badness 3407) in paragraph at lines 41--43
[] []$\OT1/cmtt/m/n/12 https : / / www . hamamatsu . com / resources / pdf / ss
d / e10 _ handbook _
 []

[14])
Package atveryend Info: Empty hook `BeforeClearDocument' on input line 585.
 [15]
Package atveryend Info: Empty hook `AfterLastShipout' on input line 585.
 (./elsarticle-template-num.aux)
Package atveryend Info: Executing hook `AtVeryEndDocument' on input line 585.
Package atveryend Info: Executing hook `AtEndAfterFileList' on input line 585.
Package rerunfilecheck Info: File `elsarticle-template-num.out' has not changed
.
(rerunfilecheck)             Checksum: 6E20E8F226F8C4EE42BECC0C3BCB99E3;429.
Package atveryend Info: Empty hook `AtVeryVeryEnd' on input line 585.
 ) 
Here is how much of TeX's memory you used:
 6343 strings out of 493089
 93374 string characters out of 6134842
 179356 words of memory out of 5000000
 9690 multiletter control sequences out of 15000+600000
 12791 words of font info for 49 fonts, out of 8000000 for 9000
 1141 hyphenation exceptions out of 8191
 34i,5n,30p,564b,458s stack positions out of 5000i,500n,10000p,200000b,80000s
</usr/local/texlive/2015/texmf-dist/fonts/type1/public/amsfonts/cm/cmbx12.pfb
></usr/local/texlive/2015/texmf-dist/fonts/type1/public/amsfonts/cm/cmmi10.pfb>
</usr/local/texlive/2015/texmf-dist/fonts/type1/public/amsfonts/cm/cmmi12.pfb><
/usr/local/texlive/2015/texmf-dist/fonts/type1/public/amsfonts/cm/cmr10.pfb></u
sr/local/texlive/2015/texmf-dist/fonts/type1/public/amsfonts/cm/cmr12.pfb></usr
/local/texlive/2015/texmf-dist/fonts/type1/public/amsfonts/cm/cmr17.pfb></usr/l
ocal/texlive/2015/texmf-dist/fonts/type1/public/amsfonts/cm/cmr7.pfb></usr/loca
l/texlive/2015/texmf-dist/fonts/type1/public/amsfonts/cm/cmr8.pfb></usr/local/t
exlive/2015/texmf-dist/fonts/type1/public/amsfonts/cm/cmss8.pfb></usr/local/tex
live/2015/texmf-dist/fonts/type1/public/amsfonts/cm/cmsy10.pfb></usr/local/texl
ive/2015/texmf-dist/fonts/type1/public/amsfonts/cm/cmsy8.pfb></usr/local/texliv
e/2015/texmf-dist/fonts/type1/public/amsfonts/cm/cmti10.pfb></usr/local/texlive
/2015/texmf-dist/fonts/type1/public/amsfonts/cm/cmti12.pfb></usr/local/texlive/
2015/texmf-dist/fonts/type1/public/amsfonts/cm/cmti7.pfb></usr/local/texlive/20
15/texmf-dist/fonts/type1/public/amsfonts/cm/cmtt12.pfb>
Output written on ./elsarticle-template-num.pdf (15 pages, 2646369 bytes).
PDF statistics:
 1167 PDF objects out of 1200 (max. 8388607)
 626 compressed objects within 7 object streams
 48 named destinations out of 1000 (max. 500000)
 152 words of extra memory for PDF output out of 10000 (max. 10000000)

